2023-01-03 17:31:41 - update config
2023-01-03 16:14:40 - update logic
2023-01-03 16:13:32 - fix typo
2023-01-02 17:40:30 - refactor code
2023-01-04 17:0:51 - cleanup
2023-01-04 11:19:40 - remove unused code
2023-01-14 13:21:46 - fix typo
2023-01-14 12:12:36 - update logic
2023-01-08 16:0:0 - adjust layout
2023-01-13 15:6:4 - minor fix
2023-01-13 18:57:50 - update styles
2023-01-20 15:21:34 - cleanup
2023-01-17 14:45:1 - fix edge case
2023-01-17 14:53:19 - refactor code
2023-01-21 13:44:6 - remove unused code
2023-01-22 10:33:19 - fix edge case
2023-01-27 14:49:14 - fix typo
2023-01-27 10:10:55 - minor fix
2023-01-24 9:41:1 - improve performance
2023-01-24 13:28:53 - improve validation
2023-01-24 13:46:9 - improve validation
2023-02-01 12:23:44 - cleanup
2023-01-30 15:8:6 - refactor code
2023-01-30 18:1:48 - optimize query
2023-02-04 9:17:23 - cleanup
2023-02-04 15:43:8 - optimize query
2023-02-04 13:37:38 - minor fix
2023-02-05 14:18:44 - update styles
2023-02-10 16:57:3 - remove unused code
2023-02-10 16:25:16 - improve validation
2023-02-09 12:14:13 - small improvement
2023-02-09 12:10:56 - improve validation
2023-02-13 16:26:33 - cleanup
